This file contains any messages produced by compilers while
running configure, to aid debugging if configure makes a mistake.

configure:546: checking for gcc
configure:659: checking whether the C compiler (gcc  ) works
configure:675: gcc -o conftest    conftest.c  1>&5
configure:701: checking whether the C compiler (gcc  ) is a cross-compiler
configure:706: checking whether we are using GNU C
configure:734: checking whether gcc accepts -g
configure:770: checking for c++
configure:802: checking whether the C++ compiler (c++  ) works
configure:818: c++ -o conftest    conftest.C  1>&5
configure:844: checking whether the C++ compiler (c++  ) is a cross-compiler
configure:849: checking whether we are using GNU C++
configure:877: checking whether c++ accepts -g
configure:909: checking for Cygwin environment
configure:942: checking for object suffix
configure:966: checking for mingw32 environment
configure:997: checking for executable suffix
configure:1264: checking builtin bool type
configure:1275: c++ -c -g -O2  conftest.C 1>&5
configure:1295: checking for the compiler to use
configure:1466: checking for a broken wchar.h
configure:1521: checking for ucnv_getDefaultName in -licu-uc
